<?xml version="1.0" encoding="UTF-8"?>
<testng-results ignored="0" total="1" passed="1" failed="0" skipped="0">
  <reporter-output>
  </reporter-output>
  <suite started-at="2024-02-16T23:23:11 IST" name="Default suite" finished-at="2024-02-16T23:23:28 IST" duration-ms="17192">
    <groups>
    </groups>
    <test started-at="2024-02-16T23:23:11 IST" name="Default test" finished-at="2024-02-16T23:23:28 IST" duration-ms="17192">
      <class name="callingAmazonTestCases.CallingProgramAmazon">
        <test-method is-config="true" signature="launchBrowser()[pri:0, instance:callingAmazonTestCases.CallingProgramAmazon@793f29ff]" started-at="2024-02-16T23:23:04 IST" name="launchBrowser" finished-at="2024-02-16T23:23:11 IST" duration-ms="7260" status="PASS">
          <reporter-output>
          </reporter-output>
        </test-method> <!-- launchBrowser -->
        <test-method is-config="true" signature="verifyAmazonWebPage()[pri:0, instance:callingAmazonTestCases.CallingProgramAmazon@793f29ff]" started-at="2024-02-16T23:23:11 IST" name="verifyAmazonWebPage" finished-at="2024-02-16T23:23:18 IST" duration-ms="7333" status="PASS">
          <reporter-output>
          </reporter-output>
        </test-method> <!-- verifyAmazonWebPage -->
        <test-method signature="verifyGiftCardDetails()[pri:0, instance:callingAmazonTestCases.CallingProgramAmazon@793f29ff]" started-at="2024-02-16T23:23:18 IST" name="verifyGiftCardDetails" finished-at="2024-02-16T23:23:28 IST" duration-ms="9809" status="PASS">
          <reporter-output>
          </reporter-output>
        </test-method> <!-- verifyGiftCardDetails -->
        <test-method is-config="true" signature="closeBrowser()[pri:0, instance:callingAmazonTestCases.CallingProgramAmazon@793f29ff]" started-at="2024-02-16T23:23:28 IST" name="closeBrowser" finished-at="2024-02-16T23:23:28 IST" duration-ms="0" status="PASS">
          <reporter-output>
          </reporter-output>
        </test-method> <!-- closeBrowser -->
        <test-method is-config="true" signature="exitBrowser()[pri:0, instance:callingAmazonTestCases.CallingProgramAmazon@793f29ff]" started-at="2024-02-16T23:23:28 IST" name="exitBrowser" finished-at="2024-02-16T23:23:28 IST" duration-ms="0" status="PASS">
          <reporter-output>
          </reporter-output>
        </test-method> <!-- exitBrowser -->
      </class> <!-- callingAmazonTestCases.CallingProgramAmazon -->
    </test> <!-- Default test -->
  </suite> <!-- Default suite -->
</testng-results>
